# JRE version: Java(TM) SE Runtime Environment 18.9 (11.0.15+8) (build 11.0.15+8-LTS-149)
# Java VM: Java HotSpot(TM) 64-Bit Server VM 18.9 (11.0.15+8-LTS-149, mixed mode, tiered, compressed oops, g1 gc, windows-amd64)
Heap:
 garbage-first heap   total 526336K, used 207480K [0x0000000080000000, 0x0000000100000000)
  region size 1024K, 3 young (3072K), 3 survivors (3072K)
 Metaspace       used 125788K, capacity 129736K, committed 130048K, reserved 628736K
  class space    used 16031K, capacity 17567K, committed 17664K, reserved 516096K
GC Heap History (10 events):
Event: 40.970 GC heap after
{Heap after GC invocations=53 (full 0):
 garbage-first heap   total 251904K, used 220317K [0x0000000080000000, 0x0000000100000000)
  region size 1024K, 2 young (2048K), 2 survivors (2048K)
 Metaspace       used 124245K, capacity 128088K, committed 129152K, reserved 628736K
  class space    used 15828K, capacity 17337K, committed 17536K, reserved 516096K
}
Event: 41.015 GC heap before
{Heap before GC invocations=53 (full 0):
 garbage-first heap   total 251904K, used 230557K [0x0000000080000000, 0x0000000100000000)
  region size 1024K, 12 young (12288K), 2 survivors (2048K)
 Metaspace       used 124260K, capacity 128090K, committed 129152K, reserved 628736K
  class space    used 15829K, capacity 17337K, committed 17536K, reserved 516096K
}
Event: 41.021 GC heap after
{Heap after GC invocations=54 (full 0):
 garbage-first heap   total 312320K, used 222366K [0x0000000080000000, 0x0000000100000000)
  region size 1024K, 2 young (2048K), 2 survivors (2048K)
 Metaspace       used 124260K, capacity 128090K, committed 129152K, reserved 628736K
  class space    used 15829K, capacity 17337K, committed 17536K, reserved 516096K
}
Event: 41.142 GC heap before
{Heap before GC invocations=55 (full 0):
 garbage-first heap   total 312320K, used 246942K [0x0000000080000000, 0x0000000100000000)
  region size 1024K, 26 young (26624K), 2 survivors (2048K)
 Metaspace       used 125234K, capacity 129061K, committed 129152K, reserved 628736K
  class space    used 15958K, capacity 17468K, committed 17536K, reserved 516096K
}
Event: 41.149 GC heap after
{Heap after GC invocations=56 (full 0):
 garbage-first heap   total 312320K, used 226524K [0x0000000080000000, 0x0000000100000000)
  region size 1024K, 4 young (4096K), 4 survivors (4096K)
 Metaspace       used 125234K, capacity 129061K, committed 129152K, reserved 628736K
  class space    used 15958K, capacity 17468K, committed 17536K, reserved 516096K
}
Event: 41.198 GC heap before
{Heap before GC invocations=56 (full 0):
 garbage-first heap   total 312320K, used 236764K [0x0000000080000000, 0x0000000100000000)
  region size 1024K, 15 young (15360K), 4 survivors (4096K)
 Metaspace       used 125690K, capacity 129598K, committed 129792K, reserved 628736K
  class space    used 16028K, capacity 17567K, committed 17664K, reserved 516096K
}
Event: 41.207 GC heap after
{Heap after GC invocations=57 (full 0):
 garbage-first heap   total 312320K, used 198305K [0x0000000080000000, 0x0000000100000000)
  region size 1024K, 2 young (2048K), 2 survivors (2048K)
 Metaspace       used 125690K, capacity 129598K, committed 129792K, reserved 628736K
  class space    used 16028K, capacity 17567K, committed 17664K, reserved 516096K
}
Event: 41.274 GC heap before
{Heap before GC invocations=57 (full 0):
 garbage-first heap   total 312320K, used 232097K [0x0000000080000000, 0x0000000100000000)
  region size 1024K, 35 young (35840K), 2 survivors (2048K)
 Metaspace       used 125747K, capacity 129672K, committed 129792K, reserved 628736K
  class space    used 16030K, capacity 17567K, committed 17664K, reserved 516096K
}
Event: 41.281 GC heap after
{Heap after GC invocations=58 (full 0):
 garbage-first heap   total 312320K, used 204299K [0x0000000080000000, 0x0000000100000000)
  region size 1024K, 5 young (5120K), 5 survivors (5120K)
 Metaspace       used 125747K, capacity 129672K, committed 129792K, reserved 628736K
  class space    used 16030K, capacity 17567K, committed 17664K, reserved 516096K
}
Event: 41.338 GC heap before
{Heap before GC invocations=58 (full 0):
 garbage-first heap   total 312320K, used 237067K [0x0000000080000000, 0x0000000100000000)
  region size 1024K, 38 young (38912K), 5 survivors (5120K)
 Metaspace       used 125788K, capacity 129736K, committed 130048K, reserved 628736K
  class space    used 16031K, capacity 17567K, committed 17664K, reserved 516096K
}

